<html>
<head>
<title>TestNG:  Test</title>
<link href="../testng.css" rel="stylesheet" type="text/css" />
<link href="../my-testng.css" rel="stylesheet" type="text/css" />

<style type="text/css">
.log { display: none;} 
.stack-trace { display: none;} 
</style>
<script type="text/javascript">
<!--
function flip(e) {
  current = e.style.display;
  if (current == 'block') {
    e.style.display = 'none';
    return 0;
  }
  else {
    e.style.display = 'block';
    return 1;
  }
}

function toggleBox(szDivId, elem, msg1, msg2)
{
  var res = -1;  if (document.getElementById) {
    res = flip(document.getElementById(szDivId));
  }
  else if (document.all) {
    // this is the way old msie versions work
    res = flip(document.all[szDivId]);
  }
  if(elem) {
    if(res == 0) elem.innerHTML = msg1; else elem.innerHTML = msg2;
  }

}

function toggleAllBoxes() {
  if (document.getElementsByTagName) {
    d = document.getElementsByTagName('div');
    for (i = 0; i < d.length; i++) {
      if (d[i].className == 'log') {
        flip(d[i]);
      }
    }
  }
}

// -->
</script>

</head>
<body>
<h2 align='center'>Test</h2><table border='1' align="center">
<tr>
<td>Tests passed/Failed/Skipped:</td><td>8/2/0</td>
</tr><tr>
<td>Started on:</td><td>Wed Dec 05 16:00:52 IST 2018</td>
</tr>
<tr><td>Total time:</td><td>1540 seconds (1540105 ms)</td>
</tr><tr>
<td>Included groups:</td><td></td>
</tr><tr>
<td>Excluded groups:</td><td></td>
</tr>
</table><p/>
<small><i>(Hover the method name to see the test class name)</i></small><p/>
<table width='100%' border='1' class='invocation-failed'>
<tr><td colspan='4' align='center'><b>FAILED TESTS</b></td></tr>
<tr><td><b>Test method</b></td>
<td width="30%"><b>Exception</b></td>
<td width="10%"><b>Time (seconds)</b></td>
<td><b>Instance</b></td>
</tr>
<tr>
<td title='testClasses.ImportResultsTests.importResults()'><b>importResults</b><br>Test class: testClasses.ImportResultsTests<br>Parameters: Email, 1234, lauren.weiniger.19847@yopmail.com, Qwerty123@, Y, N, 0, California, henry c walther, 3913 Don Tomaso Dr, Los Angeles, CA 90008, 222222222</td>
<td><div><pre>java.lang.AssertionError: expected [true] but found [false]
	at testClasses.ImportResultsTests.importResults(ImportResultsTests.java:129)
... Removed 31 stack frames</pre></div><a href='#' onClick='toggleBox("stack-trace1016633374", this, "Click to show all stack frames", "Click to hide stack frames")'>Click to show all stack frames</a>
<div class='stack-trace' id='stack-trace1016633374'><pre>java.lang.AssertionError: expected [true] but found [false]
	at org.testng.Assert.fail(Assert.java:96)
	at org.testng.Assert.failNotEquals(Assert.java:776)
	at org.testng.Assert.assertEqualsImpl(Assert.java:137)
	at org.testng.Assert.assertEquals(Assert.java:118)
	at org.testng.Assert.assertEquals(Assert.java:568)
	at org.testng.Assert.assertEquals(Assert.java:578)
	at testClasses.ImportResultsTests.importResults(ImportResultsTests.java:129)
	at sun.reflect.NativeMethodAccessorImpl.invoke0(Native Method)
	at sun.reflect.NativeMethodAccessorImpl.invoke(NativeMethodAccessorImpl.java:62)
	at sun.reflect.DelegatingMethodAccessorImpl.invoke(DelegatingMethodAccessorImpl.java:43)
	at java.lang.reflect.Method.invoke(Method.java:498)
	at org.testng.internal.MethodInvocationHelper.invokeMethod(MethodInvocationHelper.java:124)
	at org.testng.internal.Invoker.invokeMethod(Invoker.java:580)
	at org.testng.internal.Invoker.invokeTestMethod(Invoker.java:716)
	at org.testng.internal.Invoker.invokeTestMethods(Invoker.java:988)
	at org.testng.internal.TestMethodWorker.invokeTestMethods(TestMethodWorker.java:125)
	at org.testng.internal.TestMethodWorker.run(TestMethodWorker.java:109)
	at org.testng.TestRunner.privateRun(TestRunner.java:648)
	at org.testng.TestRunner.run(TestRunner.java:505)
	at org.testng.SuiteRunner.runTest(SuiteRunner.java:455)
	at org.testng.SuiteRunner.runSequentially(SuiteRunner.java:450)
	at org.testng.SuiteRunner.privateRun(SuiteRunner.java:415)
	at org.testng.SuiteRunner.run(SuiteRunner.java:364)
	at org.testng.SuiteRunnerWorker.runSuite(SuiteRunnerWorker.java:52)
	at org.testng.SuiteRunnerWorker.run(SuiteRunnerWorker.java:84)
	at org.testng.TestNG.runSuitesSequentially(TestNG.java:1208)
	at org.testng.TestNG.runSuitesLocally(TestNG.java:1137)
	at org.testng.TestNG.runSuites(TestNG.java:1049)
	at org.testng.TestNG.run(TestNG.java:1017)
	at org.testng.remote.AbstractRemoteTestNG.run(AbstractRemoteTestNG.java:114)
	at org.testng.remote.RemoteTestNG.initAndRun(RemoteTestNG.java:251)
	at org.testng.remote.RemoteTestNG.main(RemoteTestNG.java:77)
</pre></div></td>
<td>54</td>
<td>testClasses.ImportResultsTests@370736d9</td></tr>
<tr>
<td title='testClasses.ScheduleTestingTests.scheduleTestingWithInsurance()'><b>scheduleTestingWithInsurance</b><br>Test class: testClasses.ScheduleTestingTests<br>Parameters: Email, 1234, lauren.weiniger.19847@yopmail.com, Qwerty123@, N, NA, Y, N, 2, California, 3, NA, NA, NA, NA, NA, NA, NA, NA, NA, NA, NA, 2, NA, NA, NA, NA, NA</td>
<td><div><pre>java.lang.AssertionError: expected [true] but found [false]
	at testClasses.ScheduleTestingTests.scheduleTestingWithInsurance(ScheduleTestingTests.java:270)
... Removed 31 stack frames</pre></div><a href='#' onClick='toggleBox("stack-trace147077478", this, "Click to show all stack frames", "Click to hide stack frames")'>Click to show all stack frames</a>
<div class='stack-trace' id='stack-trace147077478'><pre>java.lang.AssertionError: expected [true] but found [false]
	at org.testng.Assert.fail(Assert.java:96)
	at org.testng.Assert.failNotEquals(Assert.java:776)
	at org.testng.Assert.assertEqualsImpl(Assert.java:137)
	at org.testng.Assert.assertEquals(Assert.java:118)
	at org.testng.Assert.assertEquals(Assert.java:568)
	at org.testng.Assert.assertEquals(Assert.java:578)
	at testClasses.ScheduleTestingTests.scheduleTestingWithInsurance(ScheduleTestingTests.java:270)
	at sun.reflect.NativeMethodAccessorImpl.invoke0(Native Method)
	at sun.reflect.NativeMethodAccessorImpl.invoke(NativeMethodAccessorImpl.java:62)
	at sun.reflect.DelegatingMethodAccessorImpl.invoke(DelegatingMethodAccessorImpl.java:43)
	at java.lang.reflect.Method.invoke(Method.java:498)
	at org.testng.internal.MethodInvocationHelper.invokeMethod(MethodInvocationHelper.java:124)
	at org.testng.internal.Invoker.invokeMethod(Invoker.java:580)
	at org.testng.internal.Invoker.invokeTestMethod(Invoker.java:716)
	at org.testng.internal.Invoker.invokeTestMethods(Invoker.java:988)
	at org.testng.internal.TestMethodWorker.invokeTestMethods(TestMethodWorker.java:125)
	at org.testng.internal.TestMethodWorker.run(TestMethodWorker.java:109)
	at org.testng.TestRunner.privateRun(TestRunner.java:648)
	at org.testng.TestRunner.run(TestRunner.java:505)
	at org.testng.SuiteRunner.runTest(SuiteRunner.java:455)
	at org.testng.SuiteRunner.runSequentially(SuiteRunner.java:450)
	at org.testng.SuiteRunner.privateRun(SuiteRunner.java:415)
	at org.testng.SuiteRunner.run(SuiteRunner.java:364)
	at org.testng.SuiteRunnerWorker.runSuite(SuiteRunnerWorker.java:52)
	at org.testng.SuiteRunnerWorker.run(SuiteRunnerWorker.java:84)
	at org.testng.TestNG.runSuitesSequentially(TestNG.java:1208)
	at org.testng.TestNG.runSuitesLocally(TestNG.java:1137)
	at org.testng.TestNG.runSuites(TestNG.java:1049)
	at org.testng.TestNG.run(TestNG.java:1017)
	at org.testng.remote.AbstractRemoteTestNG.run(AbstractRemoteTestNG.java:114)
	at org.testng.remote.RemoteTestNG.initAndRun(RemoteTestNG.java:251)
	at org.testng.remote.RemoteTestNG.main(RemoteTestNG.java:77)
</pre></div></td>
<td>68</td>
<td>testClasses.ScheduleTestingTests@3108bc</td></tr>
</table><p>
<table width='100%' border='1' class='invocation-passed'>
<tr><td colspan='4' align='center'><b>PASSED TESTS</b></td></tr>
<tr><td><b>Test method</b></td>
<td width="30%"><b>Exception</b></td>
<td width="10%"><b>Time (seconds)</b></td>
<td><b>Instance</b></td>
</tr>
<tr>
<td title='testClasses.CreditCardTest.addCreditCard()'><b>addCreditCard</b><br>Test class: testClasses.CreditCardTest<br>Parameters: Email, 1234, lauren.weiniger.19847@yopmail.com, Qwerty123@, Y, 4154 Lockland Pl,Los Angeles, CA 90008, 378282246310005, 0822, 4844, Lauren Weinier</td>
<td></td>
<td>73</td>
<td>testClasses.CreditCardTest@13a5fe33</td></tr>
<tr>
<td title='testClasses.InsuranceTests.addinsurance()'><b>addinsurance</b><br>Test class: testClasses.InsuranceTests<br>Parameters: Email, 1234, lauren.weiniger.19847@yopmail.com, Qwerty123@, Y, 4154 Lockland Pl,Los Angeles, CA 90008, California, Blue Shield of California, xed905681405, x0001004</td>
<td></td>
<td>107</td>
<td>testClasses.InsuranceTests@527740a2</td></tr>
<tr>
<td title='testClasses.ImportResultsTests.importResults()'><b>importResults</b><br>Test class: testClasses.ImportResultsTests<br>Parameters: Email, 1234, lauren.weiniger.19847@yopmail.com, Qwerty123@, N, Y, 2, California, henry c walther, 3913 Don Tomaso Dr, Los Angeles, CA 90008, 222222222</td>
<td></td>
<td>103</td>
<td>testClasses.ImportResultsTests@370736d9</td></tr>
<tr>
<td title='testClasses.LoginTests.positiveLoginWithEmail()'><b>positiveLoginWithEmail</b><br>Test class: testClasses.LoginTests<br>Parameters: N, 0, Y, lauren.weiniger.19847@yopmail.com, Qwerty123@, 1234, Lauren , Weiniger</td>
<td></td>
<td>21</td>
<td>testClasses.LoginTests@6d7b4f4c</td></tr>
<tr>
<td title='testClasses.RegistrationTests.register()'><b>register</b><br>Test class: testClasses.RegistrationTests<br>Parameters: N, 0, NA, Lauren, Weiniger, lauren.weiniger.19847@yopmail.com, Qwerty123@, Female, 14, July, 1983, 90008, 2111111113, N, NA, 1234, 1234</td>
<td></td>
<td>190</td>
<td>testClasses.RegistrationTests@4e9ba398</td></tr>
<tr>
<td title='testClasses.ScheduleTestingTests.scheduleTestingWithInsurance()'><b>scheduleTestingWithInsurance</b><br>Test class: testClasses.ScheduleTestingTests<br>Parameters: Email, 1234, lauren.weiniger.19847@yopmail.com, Qwerty123@, N, NA, N, N, NA, California, 1, 3, 2, 2, 1, 2, NA, NA, 2, NA, NA, 2, 2, 15, California, December 2018, 6, 8:00 AM</td>
<td></td>
<td>293</td>
<td>testClasses.ScheduleTestingTests@3108bc</td></tr>
<tr>
<td title='testClasses.ScheduleTestingTests.scheduleTestingWithInsurance()'><b>scheduleTestingWithInsurance</b><br>Test class: testClasses.ScheduleTestingTests<br>Parameters: Email, 1234, lauren.weiniger.19847@yopmail.com, Qwerty123@, Y, RESCHEDULE, N, N, NA, California, 0, NA, NA, NA, NA, NA, NA, NA, NA, NA, NA, NA, NA, NA, California, December 2018, 6, 8:30 AM</td>
<td></td>
<td>88</td>
<td>testClasses.ScheduleTestingTests@3108bc</td></tr>
<tr>
<td title='testClasses.ScheduleTestingTests.scheduleTestingWithInsurance()'><b>scheduleTestingWithInsurance</b><br>Test class: testClasses.ScheduleTestingTests<br>Parameters: Email, 1234, lauren.weiniger.19847@yopmail.com, Qwerty123@, Y, CANCEL, N, N, NA, California, 0, 0, 0, 0, 0, 0, nA, NA, NA, NA, NA, NA, NA, NA, NA, NA, nA, NA</td>
<td></td>
<td>7</td>
<td>testClasses.ScheduleTestingTests@3108bc</td></tr>
</table><p>
</body>
</html>