<?xml version="1.0" encoding="UTF-8"?>
<testng-results skipped="0" failed="1" ignored="0" total="1" passed="0">
  <reporter-output>
  </reporter-output>
  <suite name="Suite" duration-ms="183857" started-at="2018-12-10T10:46:56Z" finished-at="2018-12-10T10:50:00Z">
    <groups>
    </groups>
    <test name="Test" duration-ms="183857" started-at="2018-12-10T10:46:56Z" finished-at="2018-12-10T10:50:00Z">
      <class name="testClasses.RegistrationTests">
        <test-method status="PASS" signature="beforeMethod([Ljava.lang.Object;)[pri:0, instance:testClasses.RegistrationTests@6536e911]" name="beforeMethod" is-config="true" duration-ms="19947" started-at="2018-12-10T10:46:59Z" finished-at="2018-12-10T10:47:19Z">
          <params>
            <param index="0">
              <value>
                <![CDATA[[Ljava.lang.Object;@11de56e6]]>
              </value>
            </param>
          </params>
          <reporter-output>
          </reporter-output>
        </test-method> <!-- beforeMethod -->
        <test-method status="FAIL" signature="register(java.lang.String, java.lang.String, java.lang.String, java.lang.String, java.lang.String, java.lang.String, java.lang.String, java.lang.String, java.lang.String, java.lang.String, java.lang.String, java.lang.String, java.lang.String, java.lang.String, java.lang.String, java.lang.String, java.lang.String)[pri:0, instance:testClasses.RegistrationTests@6536e911]" name="register" duration-ms="138610" started-at="2018-12-10T10:47:19Z" data-provider="data" finished-at="2018-12-10T10:49:37Z">
          <params>
            <param index="0">
              <value>
                <![CDATA[N]]>
              </value>
            </param>
            <param index="1">
              <value>
                <![CDATA[0]]>
              </value>
            </param>
            <param index="2">
              <value>
                <![CDATA[NA]]>
              </value>
            </param>
            <param index="3">
              <value>
                <![CDATA[Lauren]]>
              </value>
            </param>
            <param index="4">
              <value>
                <![CDATA[Weiniger]]>
              </value>
            </param>
            <param index="5">
              <value>
                <![CDATA[lauren.weiniger.1851@yopmail.com]]>
              </value>
            </param>
            <param index="6">
              <value>
                <![CDATA[Qwerty123@]]>
              </value>
            </param>
            <param index="7">
              <value>
                <![CDATA[Female]]>
              </value>
            </param>
            <param index="8">
              <value>
                <![CDATA[14]]>
              </value>
            </param>
            <param index="9">
              <value>
                <![CDATA[July]]>
              </value>
            </param>
            <param index="10">
              <value>
                <![CDATA[1983]]>
              </value>
            </param>
            <param index="11">
              <value>
                <![CDATA[90008]]>
              </value>
            </param>
            <param index="12">
              <value>
                <![CDATA[2111111117]]>
              </value>
            </param>
            <param index="13">
              <value>
                <![CDATA[N]]>
              </value>
            </param>
            <param index="14">
              <value>
                <![CDATA[NA]]>
              </value>
            </param>
            <param index="15">
              <value>
                <![CDATA[1234]]>
              </value>
            </param>
            <param index="16">
              <value>
                <![CDATA[1234]]>
              </value>
            </param>
          </params>
          <exception class="java.lang.AssertionError">
            <message>
              <![CDATA[expected [true] but found [false]]]>
            </message>
            <full-stacktrace>
              <![CDATA[java.lang.AssertionError: expected [true] but found [false]
at org.testng.Assert.fail(Assert.java:96)
at org.testng.Assert.failNotEquals(Assert.java:776)
at org.testng.Assert.assertEqualsImpl(Assert.java:137)
at org.testng.Assert.assertEquals(Assert.java:118)
at org.testng.Assert.assertEquals(Assert.java:568)
at org.testng.Assert.assertEquals(Assert.java:578)
at testClasses.RegistrationTests.register(RegistrationTests.java:139)
at sun.reflect.NativeMethodAccessorImpl.invoke0(Native Method)
at sun.reflect.NativeMethodAccessorImpl.invoke(NativeMethodAccessorImpl.java:62)
at sun.reflect.DelegatingMethodAccessorImpl.invoke(DelegatingMethodAccessorImpl.java:43)
at java.lang.reflect.Method.invoke(Method.java:498)
at org.testng.internal.MethodInvocationHelper.invokeMethod(MethodInvocationHelper.java:124)
at org.testng.internal.Invoker.invokeMethod(Invoker.java:580)
at org.testng.internal.Invoker.invokeTestMethod(Invoker.java:716)
at org.testng.internal.Invoker.invokeTestMethods(Invoker.java:988)
at org.testng.internal.TestMethodWorker.invokeTestMethods(TestMethodWorker.java:125)
at org.testng.internal.TestMethodWorker.run(TestMethodWorker.java:109)
at org.testng.TestRunner.privateRun(TestRunner.java:648)
at org.testng.TestRunner.run(TestRunner.java:505)
at org.testng.SuiteRunner.runTest(SuiteRunner.java:455)
at org.testng.SuiteRunner.runSequentially(SuiteRunner.java:450)
at org.testng.SuiteRunner.privateRun(SuiteRunner.java:415)
at org.testng.SuiteRunner.run(SuiteRunner.java:364)
at org.testng.SuiteRunnerWorker.runSuite(SuiteRunnerWorker.java:52)
at org.testng.SuiteRunnerWorker.run(SuiteRunnerWorker.java:84)
at org.testng.TestNG.runSuitesSequentially(TestNG.java:1208)
at org.testng.TestNG.runSuitesLocally(TestNG.java:1137)
at org.testng.TestNG.runSuites(TestNG.java:1049)
at org.testng.TestNG.run(TestNG.java:1017)
at org.testng.remote.AbstractRemoteTestNG.run(AbstractRemoteTestNG.java:114)
at org.testng.remote.RemoteTestNG.initAndRun(RemoteTestNG.java:251)
at org.testng.remote.RemoteTestNG.main(RemoteTestNG.java:77)
]]>
            </full-stacktrace>
          </exception> <!-- java.lang.AssertionError -->
          <reporter-output>
          </reporter-output>
        </test-method> <!-- register -->
        <test-method status="PASS" signature="afterMethod()[pri:0, instance:testClasses.RegistrationTests@6536e911]" name="afterMethod" is-config="true" duration-ms="22245" started-at="2018-12-10T10:49:38Z" finished-at="2018-12-10T10:50:00Z">
          <reporter-output>
          </reporter-output>
        </test-method> <!-- afterMethod -->
      </class> <!-- testClasses.RegistrationTests -->
    </test> <!-- Test -->
  </suite> <!-- Suite -->
</testng-results>
